<?xml version="1.0" encoding="UTF-8"?>
<!-- Generated by org.testng.reporters.JUnitReportReporter -->
<testsuite hostname="DESKTOP-5B2P3R4" failures="0" tests="10" name="com.amazon.ata.deliveringonourpromise.TCTtest.taskcompletion.mastery.task5.MasteryTaskFiveTests" time="1.493" errors="0" timestamp="2021-11-04T13:03:09 CDT" skipped="0">
  <testcase classname="com.amazon.ata.deliveringonourpromise.TCTtest.taskcompletion.mastery.task5.MasteryTaskFiveTests" name="masteryTaskFiveMilestone2_promiseAsinComparator_existsAndImplementsComparator" time="1.043"/>
  <system-out/>
  <testcase classname="com.amazon.ata.deliveringonourpromise.TCTtest.taskcompletion.mastery.task5.MasteryTaskFiveTests" name="masteryTaskFiveMilestone2_promiseAsinComparatorCompare_withEqualPromise_returnsZero" time="0.200"/>
  <system-out/>
  <testcase classname="com.amazon.ata.deliveringonourpromise.TCTtest.taskcompletion.mastery.task5.MasteryTaskFiveTests" name="masteryTaskFiveMilestone2_promiseAsinComparatorCompare_withPromiseWithEarlierAsin_returnsNegative" time="0.026"/>
  <system-out/>
  <testcase classname="com.amazon.ata.deliveringonourpromise.TCTtest.taskcompletion.mastery.task5.MasteryTaskFiveTests" name="masteryTaskFive_getPromiseHistoryByOrderId_returnsTwoPromisesForOneItemWithTwoPromisesPerItem" time="0.003"/>
  <system-out/>
  <testcase classname="com.amazon.ata.deliveringonourpromise.TCTtest.taskcompletion.mastery.task5.MasteryTaskFiveTests" name="masteryTaskFiveMilestone2_promiseAsinComparatorCompare_withPromiseWithLaterAsin_returnsPositive" time="0.021"/>
  <system-out/>
  <testcase classname="com.amazon.ata.deliveringonourpromise.TCTtest.taskcompletion.mastery.task5.MasteryTaskFiveTests" name="masteryTaskFive_getPromiseHistoryByOrderId_returnsFourPromisesForTwoItemsWithTwoPromisesPerItem" time="0.004"/>
  <system-out/>
  <testcase classname="com.amazon.ata.deliveringonourpromise.TCTtest.taskcompletion.mastery.task5.MasteryTaskFiveTests" name="masteryTaskFiveMilestone2_getPromiseHistoryByOrderId_returnsPromisesSortedByAsin" time="0.188"/>
  <system-out/>
  <testcase classname="com.amazon.ata.deliveringonourpromise.TCTtest.taskcompletion.mastery.task5.MasteryTaskFiveTests" name="masteryTaskFive_getPromiseHistoryByOrderId_returnsOnePromiseForOneItemWithOnePromisePerItem" time="0.003"/>
  <system-out/>
  <testcase classname="com.amazon.ata.deliveringonourpromise.TCTtest.taskcompletion.mastery.task5.MasteryTaskFiveTests" name="masteryTaskFiveMilestone2_promise_isNotComparable" time="0.002"/>
  <system-out/>
  <testcase classname="com.amazon.ata.deliveringonourpromise.TCTtest.taskcompletion.mastery.task5.MasteryTaskFiveTests" name="masteryTaskFive_getPromiseHistoryByOrderId_returnsTwoPromisesForTwoItemsWithOnePromisePerItem" time="0.003"/>
  <system-out/>
</testsuite> <!-- com.amazon.ata.deliveringonourpromise.TCTtest.taskcompletion.mastery.task5.MasteryTaskFiveTests -->
