<?xml version="1.0" encoding="UTF-8"?>
<!-- Generated by org.testng.reporters.JUnitReportReporter -->
<testsuite hostname="DESKTOP-5B2P3R4" failures="0" tests="9" name="com.amazon.ata.deliveringonourpromise.DeliveringOnOurPromiseIntegrationTests" time="0.209" errors="0" timestamp="2021-11-04T15:11:37 CDT" skipped="0">
  <testcase classname="com.amazon.ata.deliveringonourpromise.DeliveringOnOurPromiseIntegrationTests" name="testFixturePromises" time="0.166"/>
  <system-out/>
  <testcase classname="com.amazon.ata.deliveringonourpromise.DeliveringOnOurPromiseIntegrationTests" name="testFixturePromises" time="0.007"/>
  <system-out/>
  <testcase classname="com.amazon.ata.deliveringonourpromise.DeliveringOnOurPromiseIntegrationTests" name="testOrderHeaderColumns" time="0.004"/>
  <system-out/>
  <testcase classname="com.amazon.ata.deliveringonourpromise.DeliveringOnOurPromiseIntegrationTests" name="testFixturePromises" time="0.005"/>
  <system-out/>
  <testcase classname="com.amazon.ata.deliveringonourpromise.DeliveringOnOurPromiseIntegrationTests" name="testFixturePromises" time="0.007"/>
  <system-out/>
  <testcase classname="com.amazon.ata.deliveringonourpromise.DeliveringOnOurPromiseIntegrationTests" name="testFixturePromises" time="0.006"/>
  <system-out/>
  <testcase classname="com.amazon.ata.deliveringonourpromise.DeliveringOnOurPromiseIntegrationTests" name="testFixturePromises" time="0.005"/>
  <system-out/>
  <testcase classname="com.amazon.ata.deliveringonourpromise.DeliveringOnOurPromiseIntegrationTests" name="testFixturePromises" time="0.006"/>
  <system-out/>
  <testcase classname="com.amazon.ata.deliveringonourpromise.DeliveringOnOurPromiseIntegrationTests" name="testPromiseHeaderColumns" time="0.003"/>
  <system-out/>
</testsuite> <!-- com.amazon.ata.deliveringonourpromise.DeliveringOnOurPromiseIntegrationTests -->
