<?xml version="1.0" encoding="UTF-8"?>
<!-- Generated by org.testng.reporters.JUnitReportReporter -->
<testsuite hostname="DESKTOP-5B2P3R4" failures="0" tests="1" name="com.amazon.ata.deliveringonourpromise.test.integration.GetPromiseHistoryByOrderIdIntegrationTests" time="0.003" errors="0" timestamp="2021-11-04T15:11:37 CDT" skipped="0">
  <testcase classname="com.amazon.ata.deliveringonourpromise.test.integration.GetPromiseHistoryByOrderIdIntegrationTests" name="singleItemOrder" time="0.003"/>
  <system-out/>
</testsuite> <!-- com.amazon.ata.deliveringonourpromise.test.integration.GetPromiseHistoryByOrderIdIntegrationTests -->
