<?xml version="1.0" encoding="UTF-8"?>
<testsuite name="com.amazon.ata.deliveringonourpromise.TCTtest.taskcompletion.mastery.task3.MasteryTaskThreeTests" tests="4" skipped="0" failures="0" errors="0" timestamp="2021-11-04T20:12:27" hostname="DESKTOP-5B2P3R4" time="0.028">
  <properties/>
  <testcase name="masteryTaskThree_orderClass_getCustomerOrderItemList_internalStateIsProtectedByDefensiveCopying" classname="com.amazon.ata.deliveringonourpromise.TCTtest.taskcompletion.mastery.task3.MasteryTaskThreeTests" time="0.024"/>
  <testcase name="masteryTaskThree_orderClass_internalStateIsNotExposed" classname="com.amazon.ata.deliveringonourpromise.TCTtest.taskcompletion.mastery.task3.MasteryTaskThreeTests" time="0.002"/>
  <testcase name="masteryTaskThree_orderClass_internalStateIsUnmodifiable" classname="com.amazon.ata.deliveringonourpromise.TCTtest.taskcompletion.mastery.task3.MasteryTaskThreeTests" time="0.001"/>
  <testcase name="masteryTaskThree_orderClass_withCustomerOrderItemList_internalStateIsProtectedByDefensiveCopying" classname="com.amazon.ata.deliveringonourpromise.TCTtest.taskcompletion.mastery.task3.MasteryTaskThreeTests" time="0.001"/>
  <system-out><![CDATA[]]></system-out>
  <system-err><![CDATA[]]></system-err>
</testsuite>
