<?xml version="1.0" encoding="UTF-8"?>
<testsuite name="com.amazon.ata.deliveringonourpromise.TCTtest.taskcompletion.mastery.task2.MasteryTaskTwoTests" tests="1" skipped="0" failures="0" errors="0" timestamp="2021-11-04T20:12:27" hostname="DESKTOP-5B2P3R4" time="0.204">
  <properties/>
  <testcase name="masteryTaskTwo_masteryTaskTwoFile_existsAndIncludesMultipleTests" classname="com.amazon.ata.deliveringonourpromise.TCTtest.taskcompletion.mastery.task2.MasteryTaskTwoTests" time="0.204"/>
  <system-out><![CDATA[]]></system-out>
  <system-err><![CDATA[]]></system-err>
</testsuite>
