<?xml version="1.0" encoding="UTF-8"?>
<testsuite name="com.amazon.ata.deliveringonourpromise.TCTtest.taskcompletion.mastery.task4.MasteryTaskFourTests" tests="5" skipped="0" failures="0" errors="0" timestamp="2021-11-04T20:12:27" hostname="DESKTOP-5B2P3R4" time="0.174">
  <properties/>
  <testcase name="masteryTaskFour_masteryTaskFourFile_existsAndItIsNotEmpty" classname="com.amazon.ata.deliveringonourpromise.TCTtest.taskcompletion.mastery.task4.MasteryTaskFourTests" time="0.001"/>
  <testcase name="masteryTaskFour_ofsClientClass_existsAndHasASingleMethod" classname="com.amazon.ata.deliveringonourpromise.TCTtest.taskcompletion.mastery.task4.MasteryTaskFourTests" time="0.139"/>
  <testcase name="masteryTaskFour_orderFulfillmentServiceClient_getsPromise" classname="com.amazon.ata.deliveringonourpromise.TCTtest.taskcompletion.mastery.task4.MasteryTaskFourTests" time="0.017"/>
  <testcase name="masteryTaskFour_promiseClients_arePolymorphicallyInterchangeable" classname="com.amazon.ata.deliveringonourpromise.TCTtest.taskcompletion.mastery.task4.MasteryTaskFourTests" time="0.011"/>
  <testcase name="masteryTaskFour_promiseDao_supportsMultiplePromiseClients" classname="com.amazon.ata.deliveringonourpromise.TCTtest.taskcompletion.mastery.task4.MasteryTaskFourTests" time="0.001"/>
  <system-out><![CDATA[]]></system-out>
  <system-err><![CDATA[]]></system-err>
</testsuite>
