<?xml version="1.0" encoding="UTF-8"?>
<testsuite name="com.amazon.ata.deliveringonourpromise.TCTtest.taskcompletion.preparedness.task3.PreparednessTaskThreeTests" tests="1" skipped="0" failures="0" errors="0" timestamp="2021-11-04T20:12:29" hostname="DESKTOP-5B2P3R4" time="0.001">
  <properties/>
  <testcase name="preparednessTaskThree_preparednessTaskThreeFile_existsAndItIsNotEmpty" classname="com.amazon.ata.deliveringonourpromise.TCTtest.taskcompletion.preparedness.task3.PreparednessTaskThreeTests" time="0.001"/>
  <system-out><![CDATA[]]></system-out>
  <system-err><![CDATA[]]></system-err>
</testsuite>
