<?xml version="1.0" encoding="UTF-8"?>
<testsuite name="com.amazon.ata.deliveringonourpromise.TCTtest.taskcompletion.preparedness.task4.PreparednessTaskFourTests" tests="23" skipped="0" failures="0" errors="0" timestamp="2021-11-04T20:12:29" hostname="DESKTOP-5B2P3R4" time="0.263">
  <properties/>
  <testcase name="prepaornnessTaskFour_deliveringOnOurPromiseClassDiagram_containsRequiredInterfaces[0](ReadOnlyDao)" classname="com.amazon.ata.deliveringonourpromise.TCTtest.taskcompletion.preparedness.task4.PreparednessTaskFourTests" time="0.004"/>
  <testcase name="preparednessTaskFour_deliveringOnOurPromiseClassDiagram_containsRequiredClasses[0](GetPromiseHistoryByOrderIdActivity)" classname="com.amazon.ata.deliveringonourpromise.TCTtest.taskcompletion.preparedness.task4.PreparednessTaskFourTests" time="0.002"/>
  <testcase name="preparednessTaskFour_deliveringOnOurPromiseClassDiagram_containsRequiredClasses[1](OrderDao)" classname="com.amazon.ata.deliveringonourpromise.TCTtest.taskcompletion.preparedness.task4.PreparednessTaskFourTests" time="0.001"/>
  <testcase name="preparednessTaskFour_deliveringOnOurPromiseClassDiagram_containsRequiredClasses[2](PromiseDao)" classname="com.amazon.ata.deliveringonourpromise.TCTtest.taskcompletion.preparedness.task4.PreparednessTaskFourTests" time="0.001"/>
  <testcase name="preparednessTaskFour_deliveringOnOurPromiseClassDiagram_containsRequiredClasses[3](PromiseHistoryClient)" classname="com.amazon.ata.deliveringonourpromise.TCTtest.taskcompletion.preparedness.task4.PreparednessTaskFourTests" time="0.001"/>
  <testcase name="preparednessTaskFour_deliveringOnOurPromiseClassDiagram_containsRequiredClasses[4](OrderManipulationAuthorityClient)" classname="com.amazon.ata.deliveringonourpromise.TCTtest.taskcompletion.preparedness.task4.PreparednessTaskFourTests" time="0.001"/>
  <testcase name="preparednessTaskFour_deliveringOnOurPromiseClassDiagram_containsRequiredClasses[5](DeliveryPromiseServiceClient)" classname="com.amazon.ata.deliveringonourpromise.TCTtest.taskcompletion.preparedness.task4.PreparednessTaskFourTests" time="0.001"/>
  <testcase name="preparednessTaskFour_deliveringOnOurPromiseClassDiagram_containsRequiredClasses[6](App)" classname="com.amazon.ata.deliveringonourpromise.TCTtest.taskcompletion.preparedness.task4.PreparednessTaskFourTests" time="0.002"/>
  <testcase name="preparednessTaskFour_deliveringOnOurPromiseClassDiagram_containsRequiredClasses[7](Order)" classname="com.amazon.ata.deliveringonourpromise.TCTtest.taskcompletion.preparedness.task4.PreparednessTaskFourTests" time="0.001"/>
  <testcase name="preparednessTaskFour_deliveringOnOurPromiseClassDiagram_containsRequiredClasses[8](OrderItem)" classname="com.amazon.ata.deliveringonourpromise.TCTtest.taskcompletion.preparedness.task4.PreparednessTaskFourTests" time="0.001"/>
  <testcase name="preparednessTaskFour_deliveringOnOurPromiseClassDiagram_containsRequiredClasses[9](Promise)" classname="com.amazon.ata.deliveringonourpromise.TCTtest.taskcompletion.preparedness.task4.PreparednessTaskFourTests" time="0.001"/>
  <testcase name="preparednessTaskFour_deliveringOnOurPromiseClassDiagram_containsRequiredClasses[10](PromiseHistory)" classname="com.amazon.ata.deliveringonourpromise.TCTtest.taskcompletion.preparedness.task4.PreparednessTaskFourTests" time="0.0"/>
  <testcase name="preparednessTaskFour_deliveringOnOurPromiseClassDiagram_containsRequiredContainsRelationships[0](PromiseHistoryClient, GetPromiseHistoryByOrderIdActivity)" classname="com.amazon.ata.deliveringonourpromise.TCTtest.taskcompletion.preparedness.task4.PreparednessTaskFourTests" time="0.038"/>
  <testcase name="preparednessTaskFour_deliveringOnOurPromiseClassDiagram_containsRequiredContainsRelationships[1](GetPromiseHistoryByOrderIdActivity, PromiseDao)" classname="com.amazon.ata.deliveringonourpromise.TCTtest.taskcompletion.preparedness.task4.PreparednessTaskFourTests" time="0.021"/>
  <testcase name="preparednessTaskFour_deliveringOnOurPromiseClassDiagram_containsRequiredContainsRelationships[2](GetPromiseHistoryByOrderIdActivity, OrderDao)" classname="com.amazon.ata.deliveringonourpromise.TCTtest.taskcompletion.preparedness.task4.PreparednessTaskFourTests" time="0.021"/>
  <testcase name="preparednessTaskFour_deliveringOnOurPromiseClassDiagram_containsRequiredContainsRelationships[3](PromiseDao, DeliveryPromiseServiceClient)" classname="com.amazon.ata.deliveringonourpromise.TCTtest.taskcompletion.preparedness.task4.PreparednessTaskFourTests" time="0.02"/>
  <testcase name="preparednessTaskFour_deliveringOnOurPromiseClassDiagram_containsRequiredContainsRelationships[4](PromiseDao, OrderManipulationAuthorityClient)" classname="com.amazon.ata.deliveringonourpromise.TCTtest.taskcompletion.preparedness.task4.PreparednessTaskFourTests" time="0.019"/>
  <testcase name="preparednessTaskFour_deliveringOnOurPromiseClassDiagram_containsRequiredContainsRelationships[5](OrderDao, OrderManipulationAuthorityClient)" classname="com.amazon.ata.deliveringonourpromise.TCTtest.taskcompletion.preparedness.task4.PreparednessTaskFourTests" time="0.019"/>
  <testcase name="preparednessTaskFour_deliveringOnOurPromiseClassDiagram_containsRequiredContainsRelationships[6](PromiseHistory, Order)" classname="com.amazon.ata.deliveringonourpromise.TCTtest.taskcompletion.preparedness.task4.PreparednessTaskFourTests" time="0.02"/>
  <testcase name="preparednessTaskFour_deliveringOnOurPromiseClassDiagram_containsRequiredContainsRelationships[7](PromiseHistory, Promise)" classname="com.amazon.ata.deliveringonourpromise.TCTtest.taskcompletion.preparedness.task4.PreparednessTaskFourTests" time="0.021"/>
  <testcase name="preparednessTaskFour_deliveringOnOurPromiseClassDiagram_containsRequiredContainsRelationships[8](Order, OrderItem)" classname="com.amazon.ata.deliveringonourpromise.TCTtest.taskcompletion.preparedness.task4.PreparednessTaskFourTests" time="0.013"/>
  <testcase name="preparednessTaskFour_deliveringOnOurPromiseClassDiagram_containsRequiredImplementsRelationships[0](OrderDao, ReadOnlyDao)" classname="com.amazon.ata.deliveringonourpromise.TCTtest.taskcompletion.preparedness.task4.PreparednessTaskFourTests" time="0.02"/>
  <testcase name="preparednessTaskFour_deliveringOnOurPromiseClassDiagram_containsRequiredImplementsRelationships[1](PromiseDao, ReadOnlyDao)" classname="com.amazon.ata.deliveringonourpromise.TCTtest.taskcompletion.preparedness.task4.PreparednessTaskFourTests" time="0.019"/>
  <system-out><![CDATA[]]></system-out>
  <system-err><![CDATA[]]></system-err>
</testsuite>
