<?xml version="1.0" encoding="UTF-8"?>
<testsuite name="com.amazon.ata.ordermanipulationauthority.OrderConditionTest" tests="2" skipped="0" failures="0" errors="0" timestamp="2021-11-04T20:16:11" hostname="DESKTOP-5B2P3R4" time="0.052">
  <properties/>
  <testcase name="fromCode()" classname="com.amazon.ata.ordermanipulationauthority.OrderConditionTest" time="0.048"/>
  <testcase name="fromCode_nullOnUnrecognizedCode()" classname="com.amazon.ata.ordermanipulationauthority.OrderConditionTest" time="0.002"/>
  <system-out><![CDATA[]]></system-out>
  <system-err><![CDATA[]]></system-err>
</testsuite>
