<?xml version="1.0" encoding="UTF-8"?>
<testsuite name="com.amazon.ata.ordermanipulationauthority.OrderShipmentTest" tests="2" skipped="0" failures="0" errors="0" timestamp="2021-11-04T20:16:11" hostname="DESKTOP-5B2P3R4" time="0.049">
  <properties/>
  <testcase name="includesOrderItem_returnsFalseWhenItemNotIncluded()" classname="com.amazon.ata.ordermanipulationauthority.OrderShipmentTest" time="0.046"/>
  <testcase name="includesOrderItem_returnsTrueWhenItemIncluded()" classname="com.amazon.ata.ordermanipulationauthority.OrderShipmentTest" time="0.001"/>
  <system-out><![CDATA[]]></system-out>
  <system-err><![CDATA[]]></system-err>
</testsuite>
