<?xml version="1.0" encoding="UTF-8"?>
<testsuite name="com.amazon.ata.deliveringonourpromise.orderfulfillmentservice.OrderFulfillmentServiceClientTest" tests="8" skipped="0" failures="0" errors="0" timestamp="2021-11-04T20:15:56" hostname="DESKTOP-5B2P3R4" time="0.024">
  <properties/>
  <testcase name="getPromiseByOrderItemId_nonexistentOrderItemId_returnsNull()" classname="com.amazon.ata.deliveringonourpromise.orderfulfillmentservice.OrderFulfillmentServiceClientTest" time="0.001"/>
  <testcase name="getPromiseByOrderItemId_validItemId_setsPromiseLatestShipDate()" classname="com.amazon.ata.deliveringonourpromise.orderfulfillmentservice.OrderFulfillmentServiceClientTest" time="0.005"/>
  <testcase name="getPromiseByOrderItemId_nullOrderItemId_returnsNull()" classname="com.amazon.ata.deliveringonourpromise.orderfulfillmentservice.OrderFulfillmentServiceClientTest" time="0.002"/>
  <testcase name="getPromiseByOrderItemId_validItemId_setsLatestArrivalDate()" classname="com.amazon.ata.deliveringonourpromise.orderfulfillmentservice.OrderFulfillmentServiceClientTest" time="0.001"/>
  <testcase name="getPromiseByOrderItemId_validItemId_hasCorrectOrderItemId()" classname="com.amazon.ata.deliveringonourpromise.orderfulfillmentservice.OrderFulfillmentServiceClientTest" time="0.001"/>
  <testcase name="getPromiseByOrderItemId_validItemId_setsEffectiveDate()" classname="com.amazon.ata.deliveringonourpromise.orderfulfillmentservice.OrderFulfillmentServiceClientTest" time="0.001"/>
  <testcase name="getPromiseByOrderItemId_validItemId_setsPromiseProvidedBy()" classname="com.amazon.ata.deliveringonourpromise.orderfulfillmentservice.OrderFulfillmentServiceClientTest" time="0.002"/>
  <testcase name="getPromiseByOrderItemId_validItemId_setsAsin()" classname="com.amazon.ata.deliveringonourpromise.orderfulfillmentservice.OrderFulfillmentServiceClientTest" time="0.002"/>
  <system-out><![CDATA[]]></system-out>
  <system-err><![CDATA[]]></system-err>
</testsuite>
