<?xml version="1.0" encoding="UTF-8"?>
<testsuite name="com.amazon.ata.deliveringonourpromise.types.PromiseHistoryTest" tests="4" skipped="0" failures="0" errors="0" timestamp="2021-11-04T20:15:58" hostname="DESKTOP-5B2P3R4" time="0.159">
  <properties/>
  <testcase name="constructPromiseHistory_nullOrder_nonNullHistory()" classname="com.amazon.ata.deliveringonourpromise.types.PromiseHistoryTest" time="0.148"/>
  <testcase name="addPromise_nullPromise_throwsException()" classname="com.amazon.ata.deliveringonourpromise.types.PromiseHistoryTest" time="0.003"/>
  <testcase name="addPromise_addedPromise_isPersistedInPromiseList()" classname="com.amazon.ata.deliveringonourpromise.types.PromiseHistoryTest" time="0.001"/>
  <testcase name="addPromise_orderIsNull_throwsException()" classname="com.amazon.ata.deliveringonourpromise.types.PromiseHistoryTest" time="0.004"/>
  <system-out><![CDATA[]]></system-out>
  <system-err><![CDATA[]]></system-err>
</testsuite>
