<?xml version="1.0" encoding="UTF-8"?>
<testsuite name="com.amazon.ata.deliveringonourpromise.comparators.PromiseAsinComparatorTest" tests="1" skipped="0" failures="0" errors="0" timestamp="2021-11-08T04:09:13" hostname="DESKTOP-5B2P3R4" time="0.001">
  <properties/>
  <testcase name="compareTwoPromisesByAsin_returnsTrue()" classname="com.amazon.ata.deliveringonourpromise.comparators.PromiseAsinComparatorTest" time="0.001"/>
  <system-out><![CDATA[]]></system-out>
  <system-err><![CDATA[]]></system-err>
</testsuite>
