<?xml version="1.0" encoding="UTF-8"?>
<testsuite name="com.amazon.ata.deliveringonourpromise.ordermanipulationauthority.OrderManipulationAuthorityClientTest" tests="4" skipped="0" failures="0" errors="0" timestamp="2021-11-08T04:09:13" hostname="DESKTOP-5B2P3R4" time="4.606">
  <properties/>
  <testcase name="getCustomerOrderByOrderId_invalidOrderId_returnsNull()" classname="com.amazon.ata.deliveringonourpromise.ordermanipulationauthority.OrderManipulationAuthorityClientTest" time="4.513"/>
  <testcase name="getCustomerOrderByOrderId_validOrderId_returnsOrderResult()" classname="com.amazon.ata.deliveringonourpromise.ordermanipulationauthority.OrderManipulationAuthorityClientTest" time="0.022"/>
  <testcase name="getCustomerOrderItemByOrderItemId_invalidOrderItemId_returnsNull()" classname="com.amazon.ata.deliveringonourpromise.ordermanipulationauthority.OrderManipulationAuthorityClientTest" time="0.036"/>
  <testcase name="getCustomerOrderItemByOrderItemId_validOrderItemId_returnsOrderResultItem()" classname="com.amazon.ata.deliveringonourpromise.ordermanipulationauthority.OrderManipulationAuthorityClientTest" time="0.031"/>
  <system-out><![CDATA[]]></system-out>
  <system-err><![CDATA[]]></system-err>
</testsuite>
