<?xml version="1.0" encoding="UTF-8"?>
<testsuite name="com.amazon.ata.deliveringonourpromise.deliverypromiseservice.DeliveryPromiseServiceClientTest" tests="9" skipped="0" failures="0" errors="0" timestamp="2021-11-08T04:09:13" hostname="DESKTOP-5B2P3R4" time="0.019">
  <properties/>
  <testcase name="getDeliveryPromiseByOrderItemId_validItemId_setsAsin()" classname="com.amazon.ata.deliveringonourpromise.deliverypromiseservice.DeliveryPromiseServiceClientTest" time="0.001"/>
  <testcase name="getDeliveryPromiseByOrderItemId_nullOrderItemId_returnsNull()" classname="com.amazon.ata.deliveringonourpromise.deliverypromiseservice.DeliveryPromiseServiceClientTest" time="0.001"/>
  <testcase name="getDeliveryPromiseByOrderItemId_validItemId_setsPromiseLatestShipDate()" classname="com.amazon.ata.deliveringonourpromise.deliverypromiseservice.DeliveryPromiseServiceClientTest" time="0.001"/>
  <testcase name="getPromiseHistoryByOrderId_nullOrderItemId_returnsNull()" classname="com.amazon.ata.deliveringonourpromise.deliverypromiseservice.DeliveryPromiseServiceClientTest" time="0.001"/>
  <testcase name="getDeliveryPromiseByOrderItemId_nonexistentOrderItemId_returnsNull()" classname="com.amazon.ata.deliveringonourpromise.deliverypromiseservice.DeliveryPromiseServiceClientTest" time="0.002"/>
  <testcase name="getDeliveryPromiseByOrderItemId_validItemId_setsEffectiveDate()" classname="com.amazon.ata.deliveringonourpromise.deliverypromiseservice.DeliveryPromiseServiceClientTest" time="0.001"/>
  <testcase name="getDeliveryPromiseByOrderItemId_validItemId_setsLatestArrivalDate()" classname="com.amazon.ata.deliveringonourpromise.deliverypromiseservice.DeliveryPromiseServiceClientTest" time="0.002"/>
  <testcase name="getDeliveryPromiseByOrderItemId_validItemId_hasCorrectOrderItemId()" classname="com.amazon.ata.deliveringonourpromise.deliverypromiseservice.DeliveryPromiseServiceClientTest" time="0.002"/>
  <testcase name="getDeliveryPromiseByOrderItemId_validItemId_setsPromiseProvidedBy()" classname="com.amazon.ata.deliveringonourpromise.deliverypromiseservice.DeliveryPromiseServiceClientTest" time="0.001"/>
  <system-out><![CDATA[]]></system-out>
  <system-err><![CDATA[]]></system-err>
</testsuite>
