<?xml version="1.0" encoding="UTF-8"?>
<testsuite name="com.amazon.ata.deliveringonourpromise.AppTest" tests="1" skipped="0" failures="0" errors="0" timestamp="2021-11-08T04:09:13" hostname="DESKTOP-5B2P3R4" time="0.014">
  <properties/>
  <testcase name="getPromiseHistoryClient_always_createsPromiseHistoryClient()" classname="com.amazon.ata.deliveringonourpromise.AppTest" time="0.014"/>
  <system-out><![CDATA[]]></system-out>
  <system-err><![CDATA[]]></system-err>
</testsuite>
