<?xml version="1.0" encoding="UTF-8"?>
<testsuite name="com.amazon.ata.deliveringonourpromise.ShellTest" tests="11" skipped="0" failures="0" errors="0" timestamp="2021-11-04T20:15:57" hostname="DESKTOP-5B2P3R4" time="0.611">
  <properties/>
  <testcase name="userHasAnotherRequest_responseIsY_returnsTrue()" classname="com.amazon.ata.deliveringonourpromise.ShellTest" time="0.441"/>
  <testcase name="handleUserRequest_withPromiseWithNullFields_RendersPromiseRow()" classname="com.amazon.ata.deliveringonourpromise.ShellTest" time="0.059"/>
  <testcase name="handleUserRequest_withExistingOrder_containsCorrectOrderData()" classname="com.amazon.ata.deliveringonourpromise.ShellTest" time="0.015"/>
  <testcase name="handleUserRequest_withExistingOrder_containsCorrectPromiseHistoryData()" classname="com.amazon.ata.deliveringonourpromise.ShellTest" time="0.017"/>
  <testcase name="handleUserRequest_orderDoesNotExist_doesntRaiseException()" classname="com.amazon.ata.deliveringonourpromise.ShellTest" time="0.005"/>
  <testcase name="YetAnotherRequiredTest()" classname="com.amazon.ata.deliveringonourpromise.ShellTest" time="0.001"/>
  <testcase name="userHasAnotherRequest_responseIsN_returnsFalse()" classname="com.amazon.ata.deliveringonourpromise.ShellTest" time="0.007"/>
  <testcase name="ARequiredTest()" classname="com.amazon.ata.deliveringonourpromise.ShellTest" time="0.002"/>
  <testcase name="main_withShowFixtures_showFixtureTable()" classname="com.amazon.ata.deliveringonourpromise.ShellTest" time="0.041"/>
  <testcase name="handleUserRequest_orderWithNullFields_doesntRaiseException()" classname="com.amazon.ata.deliveringonourpromise.ShellTest" time="0.011"/>
  <testcase name="AnotherRequiredTest()" classname="com.amazon.ata.deliveringonourpromise.ShellTest" time="0.001"/>
  <system-out><![CDATA[]]></system-out>
  <system-err><![CDATA[]]></system-err>
</testsuite>
