<?xml version="1.0" encoding="UTF-8"?>
<testsuite name="com.amazon.ata.deliveringonourpromise.types.OrderItemTest" tests="12" skipped="0" failures="0" errors="0" timestamp="2021-11-08T04:09:19" hostname="DESKTOP-5B2P3R4" time="0.095">
  <properties/>
  <testcase name="equals_onEqualOrderItems_returnsTrue()" classname="com.amazon.ata.deliveringonourpromise.types.OrderItemTest" time="0.056"/>
  <testcase name="equals_onOrderItemsWithDifferentConfidence_returnsFalse()" classname="com.amazon.ata.deliveringonourpromise.types.OrderItemTest" time="0.0"/>
  <testcase name="equals_onOrderItemsWithDifferentIsConfidenceTracked_returnsFalse()" classname="com.amazon.ata.deliveringonourpromise.types.OrderItemTest" time="0.001"/>
  <testcase name="equals_onOrderItemsWithDifferentCustomerOrderItemId_returnsFalse()" classname="com.amazon.ata.deliveringonourpromise.types.OrderItemTest" time="0.001"/>
  <testcase name="equals_onOrderItemsWithDifferentTitle_returnsFalse()" classname="com.amazon.ata.deliveringonourpromise.types.OrderItemTest" time="0.001"/>
  <testcase name="equals_onOrderItemsWithDifferentMerchantId_returnsFalse()" classname="com.amazon.ata.deliveringonourpromise.types.OrderItemTest" time="0.001"/>
  <testcase name="equals_OrderItems_returnsTrue()" classname="com.amazon.ata.deliveringonourpromise.types.OrderItemTest" time="0.001"/>
  <testcase name="equals_OrderItems_returnsFalse()" classname="com.amazon.ata.deliveringonourpromise.types.OrderItemTest" time="0.001"/>
  <testcase name="equals_onOrderItemsWithDifferentQuantity_returnsFalse()" classname="com.amazon.ata.deliveringonourpromise.types.OrderItemTest" time="0.002"/>
  <testcase name="hashCode_onEqualOrderItems_returnsSameValue()" classname="com.amazon.ata.deliveringonourpromise.types.OrderItemTest" time="0.004"/>
  <testcase name="equals_onOrderItemsWithDifferentAsin_returnsFalse()" classname="com.amazon.ata.deliveringonourpromise.types.OrderItemTest" time="0.002"/>
  <testcase name="equals_onOrderItemsWithDifferentOrderId_returnsFalse()" classname="com.amazon.ata.deliveringonourpromise.types.OrderItemTest" time="0.003"/>
  <system-out><![CDATA[]]></system-out>
  <system-err><![CDATA[]]></system-err>
</testsuite>
