<?xml version="1.0" encoding="UTF-8"?>
<!-- Generated by org.testng.reporters.JUnitReportReporter -->
<testsuite hostname="DESKTOP-5B2P3R4" failures="0" tests="1" name="com.amazon.ata.deliveringonourpromise.TCTtest.taskcompletion.preparedness.task3.PreparednessTaskThreeTests" time="0.001" errors="0" timestamp="2021-11-04T15:12:29 CDT" skipped="0">
  <testcase classname="com.amazon.ata.deliveringonourpromise.TCTtest.taskcompletion.preparedness.task3.PreparednessTaskThreeTests" name="preparednessTaskThree_preparednessTaskThreeFile_existsAndItIsNotEmpty" time="0.001"/>
  <system-out/>
</testsuite> <!-- com.amazon.ata.deliveringonourpromise.TCTtest.taskcompletion.preparedness.task3.PreparednessTaskThreeTests -->
