<?xml version="1.0" encoding="UTF-8"?>
<!-- Generated by org.testng.reporters.JUnitReportReporter -->
<testsuite hostname="DESKTOP-5B2P3R4" failures="0" tests="5" name="com.amazon.ata.deliveringonourpromise.TCTtest.taskcompletion.mastery.task4.MasteryTaskFourTests" time="0.172" errors="0" timestamp="2021-11-04T15:12:29 CDT" skipped="0">
  <testcase classname="com.amazon.ata.deliveringonourpromise.TCTtest.taskcompletion.mastery.task4.MasteryTaskFourTests" name="masteryTaskFour_ofsClientClass_existsAndHasASingleMethod" time="0.140"/>
  <system-out/>
  <testcase classname="com.amazon.ata.deliveringonourpromise.TCTtest.taskcompletion.mastery.task4.MasteryTaskFourTests" name="masteryTaskFour_orderFulfillmentServiceClient_getsPromise" time="0.017"/>
  <system-out/>
  <testcase classname="com.amazon.ata.deliveringonourpromise.TCTtest.taskcompletion.mastery.task4.MasteryTaskFourTests" name="masteryTaskFour_promiseDao_supportsMultiplePromiseClients" time="0.002"/>
  <system-out/>
  <testcase classname="com.amazon.ata.deliveringonourpromise.TCTtest.taskcompletion.mastery.task4.MasteryTaskFourTests" name="masteryTaskFour_masteryTaskFourFile_existsAndItIsNotEmpty" time="0.001"/>
  <system-out/>
  <testcase classname="com.amazon.ata.deliveringonourpromise.TCTtest.taskcompletion.mastery.task4.MasteryTaskFourTests" name="masteryTaskFour_promiseClients_arePolymorphicallyInterchangeable" time="0.012"/>
  <system-out/>
</testsuite> <!-- com.amazon.ata.deliveringonourpromise.TCTtest.taskcompletion.mastery.task4.MasteryTaskFourTests -->
