<?xml version="1.0" encoding="UTF-8"?>
<!-- Generated by org.testng.reporters.JUnitReportReporter -->
<testsuite hostname="DESKTOP-5B2P3R4" failures="0" tests="4" name="com.amazon.ata.deliveringonourpromise.TCTtest.taskcompletion.mastery.task3.MasteryTaskThreeTests" time="0.028" errors="0" timestamp="2021-11-04T15:12:29 CDT" skipped="0">
  <testcase classname="com.amazon.ata.deliveringonourpromise.TCTtest.taskcompletion.mastery.task3.MasteryTaskThreeTests" name="masteryTaskThree_orderClass_internalStateIsNotExposed" time="0.002"/>
  <system-out/>
  <testcase classname="com.amazon.ata.deliveringonourpromise.TCTtest.taskcompletion.mastery.task3.MasteryTaskThreeTests" name="masteryTaskThree_orderClass_internalStateIsUnmodifiable" time="0.001"/>
  <system-out/>
  <testcase classname="com.amazon.ata.deliveringonourpromise.TCTtest.taskcompletion.mastery.task3.MasteryTaskThreeTests" name="masteryTaskThree_orderClass_getCustomerOrderItemList_internalStateIsProtectedByDefensiveCopying" time="0.024"/>
  <system-out/>
  <testcase classname="com.amazon.ata.deliveringonourpromise.TCTtest.taskcompletion.mastery.task3.MasteryTaskThreeTests" name="masteryTaskThree_orderClass_withCustomerOrderItemList_internalStateIsProtectedByDefensiveCopying" time="0.001"/>
  <system-out/>
</testsuite> <!-- com.amazon.ata.deliveringonourpromise.TCTtest.taskcompletion.mastery.task3.MasteryTaskThreeTests -->
