<?xml version="1.0" encoding="UTF-8"?>
<!-- Generated by org.testng.reporters.JUnitReportReporter -->
<testsuite hostname="DESKTOP-5B2P3R4" failures="0" tests="23" name="com.amazon.ata.deliveringonourpromise.TCTtest.taskcompletion.preparedness.task4.PreparednessTaskFourTests" time="0.247" errors="0" timestamp="2021-11-04T15:12:29 CDT" skipped="0">
  <testcase classname="com.amazon.ata.deliveringonourpromise.TCTtest.taskcompletion.preparedness.task4.PreparednessTaskFourTests" name="preparednessTaskFour_deliveringOnOurPromiseClassDiagram_containsRequiredClasses" time="0.001"/>
  <system-out/>
  <testcase classname="com.amazon.ata.deliveringonourpromise.TCTtest.taskcompletion.preparedness.task4.PreparednessTaskFourTests" name="preparednessTaskFour_deliveringOnOurPromiseClassDiagram_containsRequiredClasses" time="0.001"/>
  <system-out/>
  <testcase classname="com.amazon.ata.deliveringonourpromise.TCTtest.taskcompletion.preparedness.task4.PreparednessTaskFourTests" name="preparednessTaskFour_deliveringOnOurPromiseClassDiagram_containsRequiredContainsRelationships" time="0.019"/>
  <system-out/>
  <testcase classname="com.amazon.ata.deliveringonourpromise.TCTtest.taskcompletion.preparedness.task4.PreparednessTaskFourTests" name="preparednessTaskFour_deliveringOnOurPromiseClassDiagram_containsRequiredContainsRelationships" time="0.021"/>
  <system-out/>
  <testcase classname="com.amazon.ata.deliveringonourpromise.TCTtest.taskcompletion.preparedness.task4.PreparednessTaskFourTests" name="preparednessTaskFour_deliveringOnOurPromiseClassDiagram_containsRequiredContainsRelationships" time="0.019"/>
  <system-out/>
  <testcase classname="com.amazon.ata.deliveringonourpromise.TCTtest.taskcompletion.preparedness.task4.PreparednessTaskFourTests" name="preparednessTaskFour_deliveringOnOurPromiseClassDiagram_containsRequiredContainsRelationships" time="0.021"/>
  <system-out/>
  <testcase classname="com.amazon.ata.deliveringonourpromise.TCTtest.taskcompletion.preparedness.task4.PreparednessTaskFourTests" name="preparednessTaskFour_deliveringOnOurPromiseClassDiagram_containsRequiredImplementsRelationships" time="0.020"/>
  <system-out/>
  <testcase classname="com.amazon.ata.deliveringonourpromise.TCTtest.taskcompletion.preparedness.task4.PreparednessTaskFourTests" name="preparednessTaskFour_deliveringOnOurPromiseClassDiagram_containsRequiredImplementsRelationships" time="0.019"/>
  <system-out/>
  <testcase classname="com.amazon.ata.deliveringonourpromise.TCTtest.taskcompletion.preparedness.task4.PreparednessTaskFourTests" name="preparednessTaskFour_deliveringOnOurPromiseClassDiagram_containsRequiredContainsRelationships" time="0.038"/>
  <system-out/>
  <testcase classname="com.amazon.ata.deliveringonourpromise.TCTtest.taskcompletion.preparedness.task4.PreparednessTaskFourTests" name="preparednessTaskFour_deliveringOnOurPromiseClassDiagram_containsRequiredContainsRelationships" time="0.020"/>
  <system-out/>
  <testcase classname="com.amazon.ata.deliveringonourpromise.TCTtest.taskcompletion.preparedness.task4.PreparednessTaskFourTests" name="preparednessTaskFour_deliveringOnOurPromiseClassDiagram_containsRequiredClasses" time="0.001"/>
  <system-out/>
  <testcase classname="com.amazon.ata.deliveringonourpromise.TCTtest.taskcompletion.preparedness.task4.PreparednessTaskFourTests" name="preparednessTaskFour_deliveringOnOurPromiseClassDiagram_containsRequiredClasses" time="0.002"/>
  <system-out/>
  <testcase classname="com.amazon.ata.deliveringonourpromise.TCTtest.taskcompletion.preparedness.task4.PreparednessTaskFourTests" name="preparednessTaskFour_deliveringOnOurPromiseClassDiagram_containsRequiredClasses" time="0.000"/>
  <system-out/>
  <testcase classname="com.amazon.ata.deliveringonourpromise.TCTtest.taskcompletion.preparedness.task4.PreparednessTaskFourTests" name="preparednessTaskFour_deliveringOnOurPromiseClassDiagram_containsRequiredClasses" time="0.001"/>
  <system-out/>
  <testcase classname="com.amazon.ata.deliveringonourpromise.TCTtest.taskcompletion.preparedness.task4.PreparednessTaskFourTests" name="preparednessTaskFour_deliveringOnOurPromiseClassDiagram_containsRequiredClasses" time="0.001"/>
  <system-out/>
  <testcase classname="com.amazon.ata.deliveringonourpromise.TCTtest.taskcompletion.preparedness.task4.PreparednessTaskFourTests" name="preparednessTaskFour_deliveringOnOurPromiseClassDiagram_containsRequiredClasses" time="0.001"/>
  <system-out/>
  <testcase classname="com.amazon.ata.deliveringonourpromise.TCTtest.taskcompletion.preparedness.task4.PreparednessTaskFourTests" name="preparednessTaskFour_deliveringOnOurPromiseClassDiagram_containsRequiredContainsRelationships" time="0.020"/>
  <system-out/>
  <testcase classname="com.amazon.ata.deliveringonourpromise.TCTtest.taskcompletion.preparedness.task4.PreparednessTaskFourTests" name="preparednessTaskFour_deliveringOnOurPromiseClassDiagram_containsRequiredClasses" time="0.001"/>
  <system-out/>
  <testcase classname="com.amazon.ata.deliveringonourpromise.TCTtest.taskcompletion.preparedness.task4.PreparednessTaskFourTests" name="prepaornnessTaskFour_deliveringOnOurPromiseClassDiagram_containsRequiredInterfaces" time="0.004"/>
  <system-out/>
  <testcase classname="com.amazon.ata.deliveringonourpromise.TCTtest.taskcompletion.preparedness.task4.PreparednessTaskFourTests" name="preparednessTaskFour_deliveringOnOurPromiseClassDiagram_containsRequiredContainsRelationships" time="0.021"/>
  <system-out/>
  <testcase classname="com.amazon.ata.deliveringonourpromise.TCTtest.taskcompletion.preparedness.task4.PreparednessTaskFourTests" name="preparednessTaskFour_deliveringOnOurPromiseClassDiagram_containsRequiredClasses" time="0.002"/>
  <system-out/>
  <testcase classname="com.amazon.ata.deliveringonourpromise.TCTtest.taskcompletion.preparedness.task4.PreparednessTaskFourTests" name="preparednessTaskFour_deliveringOnOurPromiseClassDiagram_containsRequiredClasses" time="0.001"/>
  <system-out/>
  <testcase classname="com.amazon.ata.deliveringonourpromise.TCTtest.taskcompletion.preparedness.task4.PreparednessTaskFourTests" name="preparednessTaskFour_deliveringOnOurPromiseClassDiagram_containsRequiredContainsRelationships" time="0.013"/>
  <system-out/>
</testsuite> <!-- com.amazon.ata.deliveringonourpromise.TCTtest.taskcompletion.preparedness.task4.PreparednessTaskFourTests -->
